Loaded 231 locations. Running LIVE Google Maps API verification...
[1/231] Fetching live Google data for Visakhapatnam (vizag)...
Google returned error: Places API (New) has not been used in project 900645668438 before or it is disabled. Enable it by visiting https://console.developers.google.com/apis/api/places.googleapis.com/overview?project=900645668438 then retry. If you enabled this API recently, wait a few minutes for the action to propagate to our systems and retry.
Google returned error: Places API (New) has not been used in project 900645668438 before or it is disabled. Enable it by visiting https://console.developers.google.com/apis/api/places.googleapis.com/overview?project=900645668438 then retry. If you enabled this API recently, wait a few minutes for the action to propagate to our systems and retry.
Google returned error: Places API (New) has not been used in project 900645668438 before or it is disabled. Enable it by visiting https://console.developers.google.com/apis/api/places.googleapis.com/overview?project=900645668438 then retry. If you enabled this API recently, wait a few minutes for the action to propagate to our systems and retry.
[2/231] Fetching live Google data for Vijayawada (vijayawada)...
Google returned error: Places API (New) has not been used in project 900645668438 before or it is disabled. Enable it by visiting https://console.developers.google.com/apis/api/places.googleapis.com/overview?project=900645668438 then retry. If you enabled this API recently, wait a few minutes for the action to propagate to our systems and retry.
Google returned error: Places API (New) has not been used in project 900645668438 before or it is disabled. Enable it by visiting https://console.developers.google.com/apis/api/places.googleapis.com/overview?project=900645668438 then retry. If you enabled this API recently, wait a few minutes for the action to propagate to our systems and retry.
Google returned error: Places API (New) has not been used in project 900645668438 before or it is disabled. Enable it by visiting https://console.developers.google.com/apis/api/places.googleapis.com/overview?project=900645668438 then retry. If you enabled this API recently, wait a few minutes for the action to propagate to our systems and retry.
[3/231] Fetching live Google data for Guntur (guntur)...
Google returned error: Places API (New) has not been used in project 900645668438 before or it is disabled. Enable it by visiting https://console.developers.google.com/apis/api/places.googleapis.com/overview?project=900645668438 then retry. If you enabled this API recently, wait a few minutes for the action to propagate to our systems and retry.
Google returned error: Places API (New) has not been used in project 900645668438 before or it is disabled. Enable it by visiting https://console.developers.google.com/apis/api/places.googleapis.com/overview?project=900645668438 then retry. If you enabled this API recently, wait a few minutes for the action to propagate to our systems and retry.
Google returned error: Places API (New) has not been used in project 900645668438 before or it is disabled. Enable it by visiting https://console.developers.google.com/apis/api/places.googleapis.com/overview?project=900645668438 then retry. If you enabled this API recently, wait a few minutes for the action to propagate to our systems and retry.
[4/231] Fetching live Google data for Nellore (nellore)...
Google returned error: Places API (New) has not been used in project 900645668438 before or it is disabled. Enable it by visiting https://console.developers.google.com/apis/api/places.googleapis.com/overview?project=900645668438 then retry. If you enabled this API recently, wait a few minutes for the action to propagate to our systems and retry.
Google returned error: Places API (New) has not been used in project 900645668438 before or it is disabled. Enable it by visiting https://console.developers.google.com/apis/api/places.googleapis.com/overview?project=900645668438 then retry. If you enabled this API recently, wait a few minutes for the action to propagate to our systems and retry.
Google returned error: Places API (New) has not been used in project 900645668438 before or it is disabled. Enable it by visiting https://console.developers.google.com/apis/api/places.googleapis.com/overview?project=900645668438 then retry. If you enabled this API recently, wait a few minutes for the action to propagate to our systems and retry.
[5/231] Fetching live Google data for Tirupati (tirupati)...
Google returned error: Places API (New) has not been used in project 900645668438 before or it is disabled. Enable it by visiting https://console.developers.google.com/apis/api/places.googleapis.com/overview?project=900645668438 then retry. If you enabled this API recently, wait a few minutes for the action to propagate to our systems and retry.
Google returned error: Places API (New) has not been used in project 900645668438 before or it is disabled. Enable it by visiting https://console.developers.google.com/apis/api/places.googleapis.com/overview?project=900645668438 then retry. If you enabled this API recently, wait a few minutes for the action to propagate to our systems and retry.
Google returned error: Places API (New) has not been used in project 900645668438 before or it is disabled. Enable it by visiting https://console.developers.google.com/apis/api/places.googleapis.com/overview?project=900645668438 then retry. If you enabled this API recently, wait a few minutes for the action to propagate to our systems and retry.
[6/231] Fetching live Google data for Kurnool (kurnool)...
Google returned error: Places API (New) has not been used in project 900645668438 before or it is disabled. Enable it by visiting https://console.developers.google.com/apis/api/places.googleapis.com/overview?project=900645668438 then retry. If you enabled this API recently, wait a few minutes for the action to propagate to our systems and retry.
Google returned error: Places API (New) has not been used in project 900645668438 before or it is disabled. Enable it by visiting https://console.developers.google.com/apis/api/places.googleapis.com/overview?project=900645668438 then retry. If you enabled this API recently, wait a few minutes for the action to propagate to our systems and retry.
Google returned error: Places API (New) has not been used in project 900645668438 before or it is disabled. Enable it by visiting https://console.developers.google.com/apis/api/places.googleapis.com/overview?project=900645668438 then retry. If you enabled this API recently, wait a few minutes for the action to propagate to our systems and retry.
[7/231] Fetching live Google data for Kadapa (kadapa)...
Google returned error: Places API (New) has not been used in project 900645668438 before or it is disabled. Enable it by visiting https://console.developers.google.com/apis/api/places.googleapis.com/overview?project=900645668438 then retry. If you enabled this API recently, wait a few minutes for the action to propagate to our systems and retry.
Google returned error: Places API (New) has not been used in project 900645668438 before or it is disabled. Enable it by visiting https://console.developers.google.com/apis/api/places.googleapis.com/overview?project=900645668438 then retry. If you enabled this API recently, wait a few minutes for the action to propagate to our systems and retry.
Google returned error: Places API (New) has not been used in project 900645668438 before or it is disabled. Enable it by visiting https://console.developers.google.com/apis/api/places.googleapis.com/overview?project=900645668438 then retry. If you enabled this API recently, wait a few minutes for the action to propagate to our systems and retry.
[8/231] Fetching live Google data for Anantapur (anantapur)...
Google returned error: Places API (New) has not been used in project 900645668438 before or it is disabled. Enable it by visiting https://console.developers.google.com/apis/api/places.googleapis.com/overview?project=900645668438 then retry. If you enabled this API recently, wait a few minutes for the action to propagate to our systems and retry.
Google returned error: Places API (New) has not been used in project 900645668438 before or it is disabled. Enable it by visiting https://console.developers.google.com/apis/api/places.googleapis.com/overview?project=900645668438 then retry. If you enabled this API recently, wait a few minutes for the action to propagate to our systems and retry.
Google returned error: Places API (New) has not been used in project 900645668438 before or it is disabled. Enable it by visiting https://console.developers.google.com/apis/api/places.googleapis.com/overview?project=900645668438 then retry. If you enabled this API recently, wait a few minutes for the action to propagate to our systems and retry.
[9/231] Fetching live Google data for Eluru (eluru)...
Google returned error: Places API (New) has not been used in project 900645668438 before or it is disabled. Enable it by visiting https://console.developers.google.com/apis/api/places.googleapis.com/overview?project=900645668438 then retry. If you enabled this API recently, wait a few minutes for the action to propagate to our systems and retry.
Google returned error: Places API (New) has not been used in project 900645668438 before or it is disabled. Enable it by visiting https://console.developers.google.com/apis/api/places.googleapis.com/overview?project=900645668438 then retry. If you enabled this API recently, wait a few minutes for the action to propagate to our systems and retry.
Google returned error: Places API (New) has not been used in project 900645668438 before or it is disabled. Enable it by visiting https://console.developers.google.com/apis/api/places.googleapis.com/overview?project=900645668438 then retry. If you enabled this API recently, wait a few minutes for the action to propagate to our systems and retry.
[10/231] Fetching live Google data for Rajahmundry (rajahmundry)...
Google returned error: Places API (New) has not been used in project 900645668438 before or it is disabled. Enable it by visiting https://console.developers.google.com/apis/api/places.googleapis.com/overview?project=900645668438 then retry. If you enabled this API recently, wait a few minutes for the action to propagate to our systems and retry.
Google returned error: Places API (New) has not been used in project 900645668438 before or it is disabled. Enable it by visiting https://console.developers.google.com/apis/api/places.googleapis.com/overview?project=900645668438 then retry. If you enabled this API recently, wait a few minutes for the action to propagate to our systems and retry.
Google returned error: Places API (New) has not been used in project 900645668438 before or it is disabled. Enable it by visiting https://console.developers.google.com/apis/api/places.googleapis.com/overview?project=900645668438 then retry. If you enabled this API recently, wait a few minutes for the action to propagate to our systems and retry.
[11/231] Fetching live Google data for Kakinada (kakinada)...
Google returned error: Places API (New) has not been used in project 900645668438 before or it is disabled. Enable it by visiting https://console.developers.google.com/apis/api/places.googleapis.com/overview?project=900645668438 then retry. If you enabled this API recently, wait a few minutes for the action to propagate to our systems and retry.
Google returned error: Places API (New) has not been used in project 900645668438 before or it is disabled. Enable it by visiting https://console.developers.google.com/apis/api/places.googleapis.com/overview?project=900645668438 then retry. If you enabled this API recently, wait a few minutes for the action to propagate to our systems and retry.
Google returned error: Places API (New) has not been used in project 900645668438 before or it is disabled. Enable it by visiting https://console.developers.google.com/apis/api/places.googleapis.com/overview?project=900645668438 then retry. If you enabled this API recently, wait a few minutes for the action to propagate to our systems and retry.
[12/231] Fetching live Google data for Chittoor (chittoor)...
Google returned error: Places API (New) has not been used in project 900645668438 before or it is disabled. Enable it by visiting https://console.developers.google.com/apis/api/places.googleapis.com/overview?project=900645668438 then retry. If you enabled this API recently, wait a few minutes for the action to propagate to our systems and retry.
Google returned error: Places API (New) has not been used in project 900645668438 before or it is disabled. Enable it by visiting https://console.developers.google.com/apis/api/places.googleapis.com/overview?project=900645668438 then retry. If you enabled this API recently, wait a few minutes for the action to propagate to our systems and retry.
Google returned error: Places API (New) has not been used in project 900645668438 before or it is disabled. Enable it by visiting https://console.developers.google.com/apis/api/places.googleapis.com/overview?project=900645668438 then retry. If you enabled this API recently, wait a few minutes for the action to propagate to our systems and retry.
[13/231] Fetching live Google data for Srikakulam (srikakulam)...
Google returned error: Places API (New) has not been used in project 900645668438 before or it is disabled. Enable it by visiting https://console.developers.google.com/apis/api/places.googleapis.com/overview?project=900645668438 then retry. If you enabled this API recently, wait a few minutes for the action to propagate to our systems and retry.
Google returned error: Places API (New) has not been used in project 900645668438 before or it is disabled. Enable it by visiting https://console.developers.google.com/apis/api/places.googleapis.com/overview?project=900645668438 then retry. If you enabled this API recently, wait a few minutes for the action to propagate to our systems and retry.
Google returned error: Places API (New) has not been used in project 900645668438 before or it is disabled. Enable it by visiting https://console.developers.google.com/apis/api/places.googleapis.com/overview?project=900645668438 then retry. If you enabled this API recently, wait a few minutes for the action to propagate to our systems and retry.
[14/231] Fetching live Google data for Itanagar (itanagar)...
Google returned error: Places API (New) has not been used in project 900645668438 before or it is disabled. Enable it by visiting https://console.developers.google.com/apis/api/places.googleapis.com/overview?project=900645668438 then retry. If you enabled this API recently, wait a few minutes for the action to propagate to our systems and retry.
Google returned error: Places API (New) has not been used in project 900645668438 before or it is disabled. Enable it by visiting https://console.developers.google.com/apis/api/places.googleapis.com/overview?project=900645668438 then retry. If you enabled this API recently, wait a few minutes for the action to propagate to our systems and retry.
Google returned error: Places API (New) has not been used in project 900645668438 before or it is disabled. Enable it by visiting https://console.developers.google.com/apis/api/places.googleapis.com/overview?project=900645668438 then retry. If you enabled this API recently, wait a few minutes for the action to propagate to our systems and retry.
[15/231] Fetching live Google data for Naharlagun (naharlagun)...
Google returned error: Places API (New) has not been used in project 900645668438 before or it is disabled. Enable it by visiting https://console.developers.google.com/apis/api/places.googleapis.com/overview?project=900645668438 then retry. If you enabled this API recently, wait a few minutes for the action to propagate to our systems and retry.
Google returned error: Places API (New) has not been used in project 900645668438 before or it is disabled. Enable it by visiting https://console.developers.google.com/apis/api/places.googleapis.com/overview?project=900645668438 then retry. If you enabled this API recently, wait a few minutes for the action to propagate to our systems and retry.
Google returned error: Places API (New) has not been used in project 900645668438 before or it is disabled. Enable it by visiting https://console.developers.google.com/apis/api/places.googleapis.com/overview?project=900645668438 then retry. If you enabled this API recently, wait a few minutes for the action to propagate to our systems and retry.
[16/231] Fetching live Google data for Pasighat (pasighat)...
Google returned error: Places API (New) has not been used in project 900645668438 before or it is disabled. Enable it by visiting https://console.developers.google.com/apis/api/places.googleapis.com/overview?project=900645668438 then retry. If you enabled this API recently, wait a few minutes for the action to propagate to our systems and retry.
Google returned error: Places API (New) has not been used in project 900645668438 before or it is disabled. Enable it by visiting https://console.developers.google.com/apis/api/places.googleapis.com/overview?project=900645668438 then retry. If you enabled this API recently, wait a few minutes for the action to propagate to our systems and retry.
Google returned error: Places API (New) has not been used in project 900645668438 before or it is disabled. Enable it by visiting https://console.developers.google.com/apis/api/places.googleapis.com/overview?project=900645668438 then retry. If you enabled this API recently, wait a few minutes for the action to propagate to our systems and retry.
[17/231] Fetching live Google data for Tawang (tawang)...
Google returned error: Places API (New) has not been used in project 900645668438 before or it is disabled. Enable it by visiting https://console.developers.google.com/apis/api/places.googleapis.com/overview?project=900645668438 then retry. If you enabled this API recently, wait a few minutes for the action to propagate to our systems and retry.
Google returned error: Places API (New) has not been used in project 900645668438 before or it is disabled. Enable it by visiting https://console.developers.google.com/apis/api/places.googleapis.com/overview?project=900645668438 then retry. If you enabled this API recently, wait a few minutes for the action to propagate to our systems and retry.
Google returned error: Places API (New) has not been used in project 900645668438 before or it is disabled. Enable it by visiting https://console.developers.google.com/apis/api/places.googleapis.com/overview?project=900645668438 then retry. If you enabled this API recently, wait a few minutes for the action to propagate to our systems and retry.
[18/231] Fetching live Google data for Guwahati (guwahati)...
Google returned error: Places API (New) has not been used in project 900645668438 before or it is disabled. Enable it by visiting https://console.developers.google.com/apis/api/places.googleapis.com/overview?project=900645668438 then retry. If you enabled this API recently, wait a few minutes for the action to propagate to our systems and retry.
Google returned error: Places API (New) has not been used in project 900645668438 before or it is disabled. Enable it by visiting https://console.developers.google.com/apis/api/places.googleapis.com/overview?project=900645668438 then retry. If you enabled this API recently, wait a few minutes for the action to propagate to our systems and retry.
Google returned error: Places API (New) has not been used in project 900645668438 before or it is disabled. Enable it by visiting https://console.developers.google.com/apis/api/places.googleapis.com/overview?project=900645668438 then retry. If you enabled this API recently, wait a few minutes for the action to propagate to our systems and retry.
[19/231] Fetching live Google data for Silchar (silchar)...
Google returned error: Places API (New) has not been used in project 900645668438 before or it is disabled. Enable it by visiting https://console.developers.google.com/apis/api/places.googleapis.com/overview?project=900645668438 then retry. If you enabled this API recently, wait a few minutes for the action to propagate to our systems and retry.
Google returned error: Places API (New) has not been used in project 900645668438 before or it is disabled. Enable it by visiting https://console.developers.google.com/apis/api/places.googleapis.com/overview?project=900645668438 then retry. If you enabled this API recently, wait a few minutes for the action to propagate to our systems and retry.
Google returned error: Places API (New) has not been used in project 900645668438 before or it is disabled. Enable it by visiting https://console.developers.google.com/apis/api/places.googleapis.com/overview?project=900645668438 then retry. If you enabled this API recently, wait a few minutes for the action to propagate to our systems and retry.
[20/231] Fetching live Google data for Dibrugarh (dibrugarh)...
Google returned error: Places API (New) has not been used in project 900645668438 before or it is disabled. Enable it by visiting https://console.developers.google.com/apis/api/places.googleapis.com/overview?project=900645668438 then retry. If you enabled this API recently, wait a few minutes for the action to propagate to our systems and retry.
Google returned error: Places API (New) has not been used in project 900645668438 before or it is disabled. Enable it by visiting https://console.developers.google.com/apis/api/places.googleapis.com/overview?project=900645668438 then retry. If you enabled this API recently, wait a few minutes for the action to propagate to our systems and retry.
Google returned error: Places API (New) has not been used in project 900645668438 before or it is disabled. Enable it by visiting https://console.developers.google.com/apis/api/places.googleapis.com/overview?project=900645668438 then retry. If you enabled this API recently, wait a few minutes for the action to propagate to our systems and retry.
[21/231] Fetching live Google data for Jorhat (jorhat)...
Google returned error: Places API (New) has not been used in project 900645668438 before or it is disabled. Enable it by visiting https://console.developers.google.com/apis/api/places.googleapis.com/overview?project=900645668438 then retry. If you enabled this API recently, wait a few minutes for the action to propagate to our systems and retry.
Google returned error: Places API (New) has not been used in project 900645668438 before or it is disabled. Enable it by visiting https://console.developers.google.com/apis/api/places.googleapis.com/overview?project=900645668438 then retry. If you enabled this API recently, wait a few minutes for the action to propagate to our systems and retry.
Google returned error: Places API (New) has not been used in project 900645668438 before or it is disabled. Enable it by visiting https://console.developers.google.com/apis/api/places.googleapis.com/overview?project=900645668438 then retry. If you enabled this API recently, wait a few minutes for the action to propagate to our systems and retry.
[22/231] Fetching live Google data for Nagaon (nagaon)...
Google returned error: Places API (New) has not been used in project 900645668438 before or it is disabled. Enable it by visiting https://console.developers.google.com/apis/api/places.googleapis.com/overview?project=900645668438 then retry. If you enabled this API recently, wait a few minutes for the action to propagate to our systems and retry.
Google returned error: Places API (New) has not been used in project 900645668438 before or it is disabled. Enable it by visiting https://console.developers.google.com/apis/api/places.googleapis.com/overview?project=900645668438 then retry. If you enabled this API recently, wait a few minutes for the action to propagate to our systems and retry.
Google returned error: Places API (New) has not been used in project 900645668438 before or it is disabled. Enable it by visiting https://console.developers.google.com/apis/api/places.googleapis.com/overview?project=900645668438 then retry. If you enabled this API recently, wait a few minutes for the action to propagate to our systems and retry.
[23/231] Fetching live Google data for Tezpur (tezpur)...
Google returned error: Places API (New) has not been used in project 900645668438 before or it is disabled. Enable it by visiting https://console.developers.google.com/apis/api/places.googleapis.com/overview?project=900645668438 then retry. If you enabled this API recently, wait a few minutes for the action to propagate to our systems and retry.
Google returned error: Places API (New) has not been used in project 900645668438 before or it is disabled. Enable it by visiting https://console.developers.google.com/apis/api/places.googleapis.com/overview?project=900645668438 then retry. If you enabled this API recently, wait a few minutes for the action to propagate to our systems and retry.
Google returned error: Places API (New) has not been used in project 900645668438 before or it is disabled. Enable it by visiting https://console.developers.google.com/apis/api/places.googleapis.com/overview?project=900645668438 then retry. If you enabled this API recently, wait a few minutes for the action to propagate to our systems and retry.
[24/231] Fetching live Google data for Bongaigaon (bongaigaon)...
Google returned error: Places API (New) has not been used in project 900645668438 before or it is disabled. Enable it by visiting https://console.developers.google.com/apis/api/places.googleapis.com/overview?project=900645668438 then retry. If you enabled this API recently, wait a few minutes for the action to propagate to our systems and retry.
Google returned error: Places API (New) has not been used in project 900645668438 before or it is disabled. Enable it by visiting https://console.developers.google.com/apis/api/places.googleapis.com/overview?project=900645668438 then retry. If you enabled this API recently, wait a few minutes for the action to propagate to our systems and retry.
Google returned error: Places API (New) has not been used in project 900645668438 before or it is disabled. Enable it by visiting https://console.developers.google.com/apis/api/places.googleapis.com/overview?project=900645668438 then retry. If you enabled this API recently, wait a few minutes for the action to propagate to our systems and retry.
[25/231] Fetching live Google data for Patna (patna)...
Google returned error: Places API (New) has not been used in project 900645668438 before or it is disabled. Enable it by visiting https://console.developers.google.com/apis/api/places.googleapis.com/overview?project=900645668438 then retry. If you enabled this API recently, wait a few minutes for the action to propagate to our systems and retry.
Google returned error: Places API (New) has not been used in project 900645668438 before or it is disabled. Enable it by visiting https://console.developers.google.com/apis/api/places.googleapis.com/overview?project=900645668438 then retry. If you enabled this API recently, wait a few minutes for the action to propagate to our systems and retry.
Google returned error: Places API (New) has not been used in project 900645668438 before or it is disabled. Enable it by visiting https://console.developers.google.com/apis/api/places.googleapis.com/overview?project=900645668438 then retry. If you enabled this API recently, wait a few minutes for the action to propagate to our systems and retry.
